<?xml version="1.0" encoding="UTF-8"?>
<!-- Generated by org.testng.reporters.JUnitReportReporter -->
<testsuite hostname="LAPTOP-LQLASCD8" failures="0" tests="1" name="seleniumAutoTestsCucumberTest" time="14.140" errors="0" timestamp="2021-07-02T10:52:07 EDT" skipped="0">
  <testcase classname="seleniumAutoTestsCucumberTest" name="test" time="14.140"/>
  <system-out/>
</testsuite> <!-- seleniumAutoTestsCucumberTest -->
